<?xml version="1.0" encoding="UTF-8"?>
<!-- Generated by org.testng.reporters.JUnitReportReporter -->
<testsuite ignored="0" hostname="TD-XPS-13-9310" failures="0" tests="13" name="io.railflow.blazetest.samples.testng.webdriver.TestLoginInvalidCredentials" time="1.291" errors="0" timestamp="21 Sep 2023 16:13:21 GMT" skipped="0">
  <testcase classname="io.railflow.blazetest.samples.testng.webdriver.TestLoginInvalidCredentials" name="longUsername" time="0.120"/>
  <testcase classname="io.railflow.blazetest.samples.testng.webdriver.TestLoginInvalidCredentials" name="passwordWithNumbers" time="0.096"/>
  <testcase classname="io.railflow.blazetest.samples.testng.webdriver.TestLoginInvalidCredentials" name="invalidUsernameInvalidPassword" time="0.116"/>
  <testcase classname="io.railflow.blazetest.samples.testng.webdriver.TestLoginInvalidCredentials" name="usernameWithNumbers" time="0.098"/>
  <testcase classname="io.railflow.blazetest.samples.testng.webdriver.TestLoginInvalidCredentials" name="longPassword" time="0.103"/>
  <testcase classname="io.railflow.blazetest.samples.testng.webdriver.TestLoginInvalidCredentials" name="usernameWithSpaces" time="0.103"/>
  <testcase classname="io.railflow.blazetest.samples.testng.webdriver.TestLoginInvalidCredentials" name="passwordWithSpecialCharacters" time="0.079"/>
  <testcase classname="io.railflow.blazetest.samples.testng.webdriver.TestLoginInvalidCredentials" name="passwordWithSpaces" time="0.079"/>
  <testcase classname="io.railflow.blazetest.samples.testng.webdriver.TestLoginInvalidCredentials" name="validUserInvliadPassword" time="0.103"/>
  <testcase classname="io.railflow.blazetest.samples.testng.webdriver.TestLoginInvalidCredentials" name="lockedOutUserInvliadPassword" time="0.095"/>
  <testcase classname="io.railflow.blazetest.samples.testng.webdriver.TestLoginInvalidCredentials" name="usernameWithSpecialCharacters" time="0.101"/>
  <testcase classname="io.railflow.blazetest.samples.testng.webdriver.TestLoginInvalidCredentials" name="performanceGlitchUserInvliadPassword" time="0.097"/>
  <testcase classname="io.railflow.blazetest.samples.testng.webdriver.TestLoginInvalidCredentials" name="problemUserInvliadPassword" time="0.101"/>
</testsuite> <!-- io.railflow.blazetest.samples.testng.webdriver.TestLoginInvalidCredentials -->
