<?xml version="1.0" encoding="UTF-8"?>
<!-- Generated by org.testng.reporters.JUnitReportReporter -->
<testsuite ignored="0" hostname="TD-XPS-13-9310" failures="0" tests="10" name="io.railflow.blazetest.samples.testng.webdriver.TestLoginSuccess" time="0.180" errors="0" timestamp="21 Sep 2023 16:13:21 GMT" skipped="0">
  <testcase classname="io.railflow.blazetest.samples.testng.webdriver.TestLoginSuccess" name="stylesheetLink" time="0.015"/>
  <testcase classname="io.railflow.blazetest.samples.testng.webdriver.TestLoginSuccess" name="facebookText" time="0.021"/>
  <testcase classname="io.railflow.blazetest.samples.testng.webdriver.TestLoginSuccess" name="manifestLink" time="0.016"/>
  <testcase classname="io.railflow.blazetest.samples.testng.webdriver.TestLoginSuccess" name="title" time="0.003"/>
  <testcase classname="io.railflow.blazetest.samples.testng.webdriver.TestLoginSuccess" name="linkedinText" time="0.016"/>
  <testcase classname="io.railflow.blazetest.samples.testng.webdriver.TestLoginSuccess" name="twitterLink" time="0.021"/>
  <testcase classname="io.railflow.blazetest.samples.testng.webdriver.TestLoginSuccess" name="facebookLink" time="0.028"/>
  <testcase classname="io.railflow.blazetest.samples.testng.webdriver.TestLoginSuccess" name="linkedinLink" time="0.021"/>
  <testcase classname="io.railflow.blazetest.samples.testng.webdriver.TestLoginSuccess" name="twitterText" time="0.017"/>
  <testcase classname="io.railflow.blazetest.samples.testng.webdriver.TestLoginSuccess" name="description" time="0.022"/>
</testsuite> <!-- io.railflow.blazetest.samples.testng.webdriver.TestLoginSuccess -->
