<?xml version="1.0" encoding="UTF-8"?>
<!-- Generated by org.testng.reporters.JUnitReportReporter -->
<testsuite ignored="0" hostname="TD-XPS-13-9310" failures="0" tests="6" name="io.railflow.blazetest.samples.testng.webdriver.TestHomePagePasswordInput" time="0.061" errors="0" timestamp="21 Sep 2023 16:13:21 GMT" skipped="0">
  <testcase classname="io.railflow.blazetest.samples.testng.webdriver.TestHomePagePasswordInput" name="attribute" time="0.008"/>
  <testcase classname="io.railflow.blazetest.samples.testng.webdriver.TestHomePagePasswordInput" name="attribute" time="0.007"/>
  <testcase classname="io.railflow.blazetest.samples.testng.webdriver.TestHomePagePasswordInput" name="attribute" time="0.015"/>
  <testcase classname="io.railflow.blazetest.samples.testng.webdriver.TestHomePagePasswordInput" name="text" time="0.011"/>
  <testcase classname="io.railflow.blazetest.samples.testng.webdriver.TestHomePagePasswordInput" name="attribute" time="0.012"/>
  <testcase classname="io.railflow.blazetest.samples.testng.webdriver.TestHomePagePasswordInput" name="attribute" time="0.008"/>
</testsuite> <!-- io.railflow.blazetest.samples.testng.webdriver.TestHomePagePasswordInput -->
