<?xml version="1.0" encoding="UTF-8"?>
<!-- Generated by org.testng.reporters.JUnitReportReporter -->
<testsuite ignored="0" hostname="TD-XPS-13-9310" failures="0" tests="6" name="io.railflow.blazetest.samples.testng.webdriver.TestHomePageUsernameInput" time="0.057" errors="0" timestamp="21 Sep 2023 16:13:21 GMT" skipped="0">
  <testcase classname="io.railflow.blazetest.samples.testng.webdriver.TestHomePageUsernameInput" name="text" time="0.010"/>
  <testcase classname="io.railflow.blazetest.samples.testng.webdriver.TestHomePageUsernameInput" name="name" time="0.007"/>
  <testcase classname="io.railflow.blazetest.samples.testng.webdriver.TestHomePageUsernameInput" name="type" time="0.008"/>
  <testcase classname="io.railflow.blazetest.samples.testng.webdriver.TestHomePageUsernameInput" name="autoCapitalize" time="0.014"/>
  <testcase classname="io.railflow.blazetest.samples.testng.webdriver.TestHomePageUsernameInput" name="autoCorrect" time="0.010"/>
  <testcase classname="io.railflow.blazetest.samples.testng.webdriver.TestHomePageUsernameInput" name="placeholder" time="0.008"/>
</testsuite> <!-- io.railflow.blazetest.samples.testng.webdriver.TestHomePageUsernameInput -->
