<?xml version="1.0" encoding="UTF-8"?>
<!-- Generated by org.testng.reporters.JUnitReportReporter -->
<testsuite ignored="0" hostname="TD-XPS-13-9310" failures="0" tests="8" name="io.railflow.blazetest.samples.testng.webdriver.shoppingcart.standard.TestShoppingCartStandardUserInventory" time="0.076" errors="0" timestamp="21 Sep 2023 16:13:21 GMT" skipped="0">
  <testcase classname="io.railflow.blazetest.samples.testng.webdriver.shoppingcart.standard.TestShoppingCartStandardUserInventory" name="pricebar" time="0.008"/>
  <testcase classname="io.railflow.blazetest.samples.testng.webdriver.shoppingcart.standard.TestShoppingCartStandardUserInventory" name="inventoryItemDescCount" time="0.010"/>
  <testcase classname="io.railflow.blazetest.samples.testng.webdriver.shoppingcart.standard.TestShoppingCartStandardUserInventory" name="inventoryItemLabelCount" time="0.009"/>
  <testcase classname="io.railflow.blazetest.samples.testng.webdriver.shoppingcart.standard.TestShoppingCartStandardUserInventory" name="inventoryItemImgCount" time="0.009"/>
  <testcase classname="io.railflow.blazetest.samples.testng.webdriver.shoppingcart.standard.TestShoppingCartStandardUserInventory" name="inventoryItemCount" time="0.011"/>
  <testcase classname="io.railflow.blazetest.samples.testng.webdriver.shoppingcart.standard.TestShoppingCartStandardUserInventory" name="inventoryItemPriceCount" time="0.009"/>
  <testcase classname="io.railflow.blazetest.samples.testng.webdriver.shoppingcart.standard.TestShoppingCartStandardUserInventory" name="inventoryItemNameCount" time="0.010"/>
  <testcase classname="io.railflow.blazetest.samples.testng.webdriver.shoppingcart.standard.TestShoppingCartStandardUserInventory" name="inventoryItemDescriptionCount" time="0.010"/>
</testsuite> <!-- io.railflow.blazetest.samples.testng.webdriver.shoppingcart.standard.TestShoppingCartStandardUserInventory -->
