<?xml version="1.0" encoding="UTF-8"?>
<!-- Generated by org.testng.reporters.JUnitReportReporter -->
<testsuite ignored="0" hostname="TD-XPS-13-9310" failures="0" tests="3" name="io.railflow.blazetest.samples.testng.webdriver.TestHomePageLoginButton" time="0.029" errors="0" timestamp="21 Sep 2023 16:13:21 GMT" skipped="0">
  <testcase classname="io.railflow.blazetest.samples.testng.webdriver.TestHomePageLoginButton" name="type" time="0.009"/>
  <testcase classname="io.railflow.blazetest.samples.testng.webdriver.TestHomePageLoginButton" name="name" time="0.014"/>
  <testcase classname="io.railflow.blazetest.samples.testng.webdriver.TestHomePageLoginButton" name="value" time="0.006"/>
</testsuite> <!-- io.railflow.blazetest.samples.testng.webdriver.TestHomePageLoginButton -->
